<?xml version="1.0" encoding="UTF-8"?>
<!-- Generated by org.testng.reporters.JUnitReportReporter -->
<testsuite skipped="0" hostname="CDC2-D-CJCNXJ2" name="GFT.dashboard" tests="1" failures="0" timestamp="16 Jul 2019 07:18:06 GMT" time="12.951" errors="0">
  <testcase name="f" time="12.951" classname="GFT.dashboard"/>
</testsuite> <!-- GFT.dashboard -->
