<?xml version="1.0" encoding="UTF-8"?>
<!-- Generated by org.testng.reporters.JUnitReportReporter -->
<testsuite skipped="0" hostname="CDC2-D-CJCNXJ2" name="GFT.NewTest" tests="1" failures="0" timestamp="16 Jul 2019 04:42:51 GMT" time="35.195" errors="0">
  <testcase name="f" time="35.195" classname="GFT.NewTest"/>
</testsuite> <!-- GFT.NewTest -->
