<?xml version="1.0" encoding="UTF-8"?>
<!-- Generated by org.testng.reporters.JUnitReportReporter -->
<testsuite skipped="0" hostname="CDC2-D-CJCNXJ2" name="Dropdown.actions" tests="1" failures="0" timestamp="15 Jul 2019 11:38:31 GMT" time="109.291" errors="0">
  <testcase name="f" time="109.291" classname="Dropdown.actions"/>
</testsuite> <!-- Dropdown.actions -->
